<?xml version="1.0" encoding="UTF-8"?>
<!-- Generated by org.testng.reporters.JUnitReportReporter -->
<testsuite hostname="DESKTOP-40QN50F" name="dd_main.MainClass" tests="1" failures="0" timestamp="2 Mar 2020 15:01:45 GMT" time="19.435" errors="0">
  <testcase name="maintest" time="19.435" classname="dd_main.MainClass"/>
</testsuite> <!-- dd_main.MainClass -->
